<?xml version="1.0" encoding="UTF-8"?>
<testsuite name="hello.core.member.MemberServiceTest" tests="1" skipped="0" failures="0" errors="0" timestamp="2021-12-01T08:34:33" hostname="SHB-0328" time="0.082">
  <properties/>
  <testcase name="join()" classname="hello.core.member.MemberServiceTest" time="0.082"/>
  <system-out><![CDATA[]]></system-out>
  <system-err><![CDATA[]]></system-err>
</testsuite>
